//-------------------------- 5/27/2023 -- 21:56:50 -----
--------- Loading MODS ---------
Compiling chattge/main.cs...
Loading compiled script chattge/main.cs.
Compiling chattge/defaults.cs...
Loading compiled script chattge/defaults.cs.

--------- Parsing Arguments ---------
chattge/websocket.cs
Compiling chattge/websocket.cs...
chattge/utils.cs
Compiling chattge/utils.cs...
chattge/sha1.cs
Compiling chattge/sha1.cs...
chattge/main.cs
Compiling chattge/main.cs...
chattge/json.cs
Compiling chattge/json.cs...
chattge/defaults.cs
Compiling chattge/defaults.cs...
chattge/chat.cs
Compiling chattge/chat.cs...
